\BOOKMARK [1][-]{section.1}{\376\377\000O\000b\000j\000e\000c\000t\000i\000f\000\040\000d\000u\000\040\000r\000a\000p\000p\000o\000r\000t}{}% 1
\BOOKMARK [1][-]{section.2}{\376\377\000P\000e\000r\000i\000m\000e\000t\000r\000e\000\040\000e\000t\000\040\000a\000r\000t\000e\000f\000a\000c\000t\000s\000\040\000a\000n\000a\000l\000y\000s\000e\000s}{}% 2
\BOOKMARK [2][-]{subsection.2.1}{\376\377\000S\000c\000r\000i\000p\000t\000s\000\040\000p\000r\000i\000n\000c\000i\000p\000a\000u\000x}{section.2}% 3
\BOOKMARK [2][-]{subsection.2.2}{\376\377\000R\000a\000p\000p\000o\000r\000t\000s\000\040\000J\000S\000O\000N\000\040\000u\000t\000i\000l\000i\000s\000e\000s}{section.2}% 4
\BOOKMARK [1][-]{section.3}{\376\377\000B\000i\000b\000l\000i\000o\000t\000h\000e\000q\000u\000e\000s\000\040\000e\000t\000\040\000d\000e\000p\000e\000n\000d\000a\000n\000c\000e\000s}{}% 5
\BOOKMARK [2][-]{subsection.3.1}{\376\377\000D\000e\000p\000e\000n\000d\000a\000n\000c\000e\000s\000\040\000d\000e\000c\000l\000a\000r\000e\000e\000s\000\040\000\050\000r\000e\000q\000u\000i\000r\000e\000m\000e\000n\000t\000s\000.\000t\000x\000t\000\051}{section.3}% 6
\BOOKMARK [2][-]{subsection.3.2}{\376\377\000I\000m\000p\000o\000r\000t\000s\000\040\000e\000f\000f\000e\000c\000t\000i\000f\000s\000\040\000d\000a\000n\000s\000\040\000l\000e\000s\000\040\000s\000c\000r\000i\000p\000t\000s}{section.3}% 7
\BOOKMARK [1][-]{section.4}{\376\377\000S\000c\000r\000i\000p\000t\000\040\0001\000:\000\040\000c\000h\000e\000c\000k\000\137\000a\000n\000d\000\137\000c\000o\000r\000r\000e\000c\000t\000\137\000m\000t\000.\000p\000y}{}% 8
\BOOKMARK [2][-]{subsection.4.1}{\376\377\000R\000o\000l\000e}{section.4}% 9
\BOOKMARK [2][-]{subsection.4.2}{\376\377\000A\000r\000c\000h\000i\000t\000e\000c\000t\000u\000r\000e\000\040\000t\000e\000c\000h\000n\000i\000q\000u\000e}{section.4}% 10
\BOOKMARK [2][-]{subsection.4.3}{\376\377\000P\000a\000r\000a\000m\000e\000t\000r\000e\000s\000\040\000C\000L\000I\000\040\000m\000a\000j\000e\000u\000r\000s}{section.4}% 11
\BOOKMARK [2][-]{subsection.4.4}{\376\377\000R\000e\000s\000u\000l\000t\000a\000t\000s\000\040\000Q\000C\000\040\000\050\000s\000i\000l\000v\000e\000r\000\040\000s\000h\000a\000r\000d\000\040\0003\000\051}{section.4}% 12
\BOOKMARK [2][-]{subsection.4.5}{\376\377\000P\000r\000o\000b\000l\000e\000m\000e\000s\000\040\000o\000b\000s\000e\000r\000v\000e\000s\000\040\000s\000u\000r\000\040\000l\000e\000\040\000Q\000C}{section.4}% 13
\BOOKMARK [1][-]{section.5}{\376\377\000S\000c\000r\000i\000p\000t\000\040\0002\000:\000\040\000c\000l\000e\000a\000n\000\137\000s\000i\000l\000v\000e\000r\000\137\000s\000h\000a\000r\000d\000\137\0003\000\137\000c\000o\000r\000r\000e\000c\000t\000e\000d\000.\000p\000y}{}% 14
\BOOKMARK [2][-]{subsection.5.1}{\376\377\000R\000o\000l\000e}{section.5}% 15
\BOOKMARK [2][-]{subsection.5.2}{\376\377\000N\000e\000t\000t\000o\000y\000a\000g\000e\000s\000\040\000a\000p\000p\000l\000i\000q\000u\000e\000s\000\040\000\050\000d\000e\000t\000a\000i\000l\000\040\000f\000o\000n\000c\000t\000i\000o\000n\000n\000e\000l\000\051}{section.5}% 16
\BOOKMARK [3][-]{subsubsection.5.2.1}{\376\377\000P\000r\000e\000p\000r\000o\000c\000e\000s\000s\000i\000n\000g\000\040\000g\000l\000o\000b\000a\000l}{subsection.5.2}% 17
\BOOKMARK [3][-]{subsubsection.5.2.2}{\376\377\000N\000e\000t\000t\000o\000y\000a\000g\000e\000\040\000p\000a\000r\000\040\000l\000a\000n\000g\000u\000e}{subsection.5.2}% 18
\BOOKMARK [3][-]{subsubsection.5.2.3}{\376\377\000F\000i\000l\000t\000r\000e\000s\000\040\000d\000e\000\040\000l\000i\000g\000n\000e\000s}{subsection.5.2}% 19
\BOOKMARK [3][-]{subsubsection.5.2.4}{\376\377\000P\000o\000s\000t\000-\000c\000l\000e\000a\000n\000\040\000q\000u\000a\000l\000i\000t\000y\000\040\000f\000i\000x\000e\000s}{subsection.5.2}% 20
\BOOKMARK [1][-]{section.6}{\376\377\000R\000e\000s\000u\000l\000t\000a\000t\000s\000\040\000d\000e\000\040\000c\000l\000e\000a\000n\000i\000n\000g\000\040\000\050\000r\000a\000p\000p\000o\000r\000t\000s\000\040\000J\000S\000O\000N\000\051}{}% 21
\BOOKMARK [2][-]{subsection.6.1}{\376\377\000S\000i\000l\000v\000e\000r\000\040\000c\000l\000e\000a\000n\000e\000d\000\040\000\050\000m\000o\000d\000e\000\040\000s\000t\000r\000i\000c\000t\000\051}{section.6}% 22
\BOOKMARK [2][-]{subsection.6.2}{\376\377\000G\000o\000l\000d\000\040\000c\000l\000e\000a\000n\000e\000d\000\040\000\050\000c\000o\000n\000s\000e\000r\000v\000a\000t\000i\000o\000n\000\040\000M\000S\000A\000-\000D\000a\000r\000i\000j\000a\000\051}{section.6}% 23
\BOOKMARK [1][-]{section.7}{\376\377\000R\000e\000s\000u\000l\000t\000a\000t\000\040\000i\000n\000t\000e\000r\000m\000e\000d\000i\000a\000i\000r\000e\000\040\000m\000e\000r\000g\000e\000\040\000g\000o\000l\000d}{}% 24
\BOOKMARK [1][-]{section.8}{\376\377\000I\000n\000t\000e\000r\000p\000r\000e\000t\000a\000t\000i\000o\000n\000\040\000d\000e\000s\000\040\000r\000e\000s\000u\000l\000t\000a\000t\000s\000\040\000E\000D\000A\000\040\000c\000o\000m\000p\000a\000r\000a\000t\000i\000f\000s}{}% 25
\BOOKMARK [2][-]{subsection.8.1}{\376\377\000V\000u\000e\000\040\000d\000\040\000e\000n\000s\000e\000m\000b\000l\000e\000\040\000v\000o\000l\000u\000m\000e\000s\000\040\000e\000t\000\040\000r\000e\000t\000e\000n\000t\000i\000o\000n}{section.8}% 26
\BOOKMARK [2][-]{subsection.8.2}{\376\377\000E\000v\000o\000l\000u\000t\000i\000o\000n\000\040\000d\000e\000s\000\040\000s\000t\000a\000t\000u\000t\000s}{section.8}% 27
\BOOKMARK [2][-]{subsection.8.3}{\376\377\000T\000a\000u\000x\000\040\000d\000e\000\040\000c\000h\000a\000n\000g\000e\000m\000e\000n\000t\000\040\000t\000e\000x\000t\000e\000\040\000\050\000s\000o\000u\000r\000c\000e\000\040\000v\000s\000\040\000c\000l\000e\000a\000n\000e\000d\000\051}{section.8}% 28
\BOOKMARK [2][-]{subsection.8.4}{\376\377\000L\000o\000n\000g\000u\000e\000u\000r\000\040\000d\000e\000s\000\040\000t\000e\000x\000t\000e\000s\000\040\000e\000t\000\040\000o\000u\000t\000l\000i\000e\000r\000s}{section.8}% 29
\BOOKMARK [1][-]{section.9}{\376\377\000P\000i\000p\000e\000l\000i\000n\000e\000\040\000g\000l\000o\000b\000a\000l\000\040\000d\000u\000\040\000p\000r\000o\000j\000e\000t}{}% 30
\BOOKMARK [2][-]{subsection.9.1}{\376\377\000P\000i\000p\000e\000l\000i\000n\000e\000\040\000f\000o\000n\000c\000t\000i\000o\000n\000n\000e\000l}{section.9}% 31
\BOOKMARK [2][-]{subsection.9.2}{\376\377\000P\000i\000p\000e\000l\000i\000n\000e\000\040\000r\000e\000s\000u\000m\000e}{section.9}% 32
\BOOKMARK [1][-]{section.10}{\376\377\000P\000r\000o\000b\000l\000e\000m\000e\000s\000\040\000t\000e\000c\000h\000n\000i\000q\000u\000e\000s\000\040\000c\000o\000n\000s\000t\000a\000t\000e\000s}{}% 33
\BOOKMARK [1][-]{section.11}{\376\377\000R\000e\000c\000o\000m\000m\000a\000n\000d\000a\000t\000i\000o\000n\000s}{}% 34
\BOOKMARK [1][-]{section.12}{\376\377\000C\000o\000m\000m\000a\000n\000d\000e\000s\000\040\000d\000e\000\040\000r\000e\000p\000r\000o\000d\000u\000c\000t\000i\000o\000n}{}% 35
\BOOKMARK [2][-]{subsection.12.1}{\376\377\000Q\000C\000\040\000p\000r\000i\000n\000c\000i\000p\000a\000l\000\040\000s\000i\000l\000v\000e\000r}{section.12}% 36
\BOOKMARK [2][-]{subsection.12.2}{\376\377\000C\000l\000e\000a\000n\000i\000n\000g\000\040\000s\000i\000l\000v\000e\000r\000\040\000\050\000m\000o\000d\000e\000\040\000s\000t\000r\000i\000c\000t\000\040\000p\000a\000r\000\040\000d\000e\000f\000a\000u\000t\000\051}{section.12}% 37
\BOOKMARK [2][-]{subsection.12.3}{\376\377\000C\000l\000e\000a\000n\000i\000n\000g\000\040\000g\000o\000l\000d\000\040\000e\000n\000\040\000g\000a\000r\000d\000a\000n\000t\000\040\000M\000S\000A\000-\000D\000a\000r\000i\000j\000a}{section.12}% 38
\BOOKMARK [1][-]{section.13}{\376\377\000A\000p\000p\000e\000n\000d\000i\000c\000e\000\040\000A\000:\000\040\000e\000x\000t\000r\000a\000i\000t\000s\000\040\000J\000S\000O\000N\000\040\000u\000t\000i\000l\000e\000s}{}% 39
\BOOKMARK [2][-]{subsection.13.1}{\376\377\000Q\000C\000\040\000s\000u\000m\000m\000a\000r\000y\000\040\000\050\000s\000i\000l\000v\000e\000r\000\051}{section.13}% 40
\BOOKMARK [2][-]{subsection.13.2}{\376\377\000C\000l\000e\000a\000n\000i\000n\000g\000\040\000s\000u\000m\000m\000a\000r\000y\000\040\000\050\000s\000i\000l\000v\000e\000r\000\040\000s\000t\000r\000i\000c\000t\000\051}{section.13}% 41
\BOOKMARK [2][-]{subsection.13.3}{\376\377\000C\000l\000e\000a\000n\000i\000n\000g\000\040\000s\000u\000m\000m\000a\000r\000y\000\040\000\050\000g\000o\000l\000d\000\040\000k\000e\000e\000p\000-\000m\000s\000a\000-\000d\000a\000r\000i\000j\000a\000-\000l\000e\000a\000k\000a\000g\000e\000\051}{section.13}% 42
